<?xml version="1.0" encoding="UTF-8"?>
<!-- Generated by org.testng.reporters.JUnitXMLReporter -->
<testsuite hostname="DESKTOP-E584GTO" ignored="1" name="Test" tests="6" failures="0" timestamp="2023-02-24T19:59:06 IST" time="198.209" errors="0">
  <testcase name="invalidLogin" time="4.547" classname="tests.LoginTest"/>
  <testcase name="loginTest" time="8.457" classname="tests.LoginTest"/>
  <testcase name="redirectToResetPasswordPageLinkPresent" time="0.294" classname="tests.LoginTest"/>
  <testcase name="navigateToResetPassword" time="2.191" classname="tests.LoginTest"/>
  <testcase name="verifyAdminButtonNavigatesToAdminPage" time="20.425" classname="tests.HomeTest"/>
  <testcase name="verifyLinks" time="8.046" classname="tests.HomeTest"/>
  <testcase name="@BeforeTest beforetest" time="0.0" classname="testbase.TestBase">
    <ignored/>
  </testcase> <!-- @BeforeTest beforetest -->
</testsuite> <!-- Test -->
