<?xml version="1.0" encoding="UTF-8"?>
<testng-results skipped="0" failed="0" ignored="1" total="7" passed="6">
  <reporter-output>
  </reporter-output>
  <suite name="Suite" duration-ms="198209" started-at="2023-02-24T19:55:48 IST" finished-at="2023-02-24T19:59:06 IST">
    <groups>
    </groups>
    <test name="Test" duration-ms="198209" started-at="2023-02-24T19:55:48 IST" finished-at="2023-02-24T19:59:06 IST">
      <class name="tests.LoginTest">
        <test-method status="PASS" signature="beforetest(java.lang.String)[pri:0, instance:tests.LoginTest@37374a5e]" name="beforetest" is-config="true" duration-ms="119" started-at="2023-02-24T19:55:48 IST" finished-at="2023-02-24T19:55:48 IST">
          <params>
            <param index="0">
              <value>
                <![CDATA[SIT]]>
              </value>
            </param>
          </params>
          <reporter-output>
          </reporter-output>
        </test-method> <!-- beforetest -->
        <test-method status="PASS" signature="beforeMethod(org.testng.ITestResult)[pri:0, instance:tests.LoginTest@37374a5e]" name="beforeMethod" is-config="true" duration-ms="16346" started-at="2023-02-24T19:55:48 IST" finished-at="2023-02-24T19:56:05 IST">
          <params>
            <param index="0">
              <value>
                <![CDATA[[TestResult name={null} status=CREATED method=LoginTest.invalidLogin()[pri:0, instance:tests.LoginTest@37374a5e] output={null}]]]>
              </value>
            </param>
          </params>
          <reporter-output>
          </reporter-output>
        </test-method> <!-- beforeMethod -->
        <test-method status="PASS" signature="invalidLogin()[pri:0, instance:tests.LoginTest@37374a5e]" name="invalidLogin" duration-ms="4547" started-at="2023-02-24T19:56:05 IST" finished-at="2023-02-24T19:56:09 IST">
          <reporter-output>
          </reporter-output>
        </test-method> <!-- invalidLogin -->
        <test-method status="PASS" signature="afterMethod(org.testng.ITestResult)[pri:0, instance:tests.LoginTest@37374a5e]" name="afterMethod" is-config="true" duration-ms="1042" started-at="2023-02-24T19:56:09 IST" finished-at="2023-02-24T19:56:10 IST">
          <params>
            <param index="0">
              <value>
                <![CDATA[[TestResult name=invalidLogin status=SUCCESS method=LoginTest.invalidLogin()[pri:0, instance:tests.LoginTest@37374a5e] output={null}]]]>
              </value>
            </param>
          </params>
          <reporter-output>
          </reporter-output>
        </test-method> <!-- afterMethod -->
        <test-method status="PASS" signature="beforeMethod(org.testng.ITestResult)[pri:0, instance:tests.LoginTest@37374a5e]" name="beforeMethod" is-config="true" duration-ms="22546" started-at="2023-02-24T19:56:10 IST" finished-at="2023-02-24T19:56:33 IST">
          <params>
            <param index="0">
              <value>
                <![CDATA[[TestResult name={null} status=CREATED method=LoginTest.loginTest()[pri:0, instance:tests.LoginTest@37374a5e] output={null}]]]>
              </value>
            </param>
          </params>
          <reporter-output>
          </reporter-output>
        </test-method> <!-- beforeMethod -->
        <test-method status="PASS" signature="loginTest()[pri:0, instance:tests.LoginTest@37374a5e]" name="loginTest" duration-ms="8457" started-at="2023-02-24T19:56:33 IST" finished-at="2023-02-24T19:56:41 IST">
          <reporter-output>
          </reporter-output>
        </test-method> <!-- loginTest -->
        <test-method status="PASS" signature="afterMethod(org.testng.ITestResult)[pri:0, instance:tests.LoginTest@37374a5e]" name="afterMethod" is-config="true" duration-ms="1579" started-at="2023-02-24T19:56:41 IST" finished-at="2023-02-24T19:56:43 IST">
          <params>
            <param index="0">
              <value>
                <![CDATA[[TestResult name=loginTest status=SUCCESS method=LoginTest.loginTest()[pri:0, instance:tests.LoginTest@37374a5e] output={null}]]]>
              </value>
            </param>
          </params>
          <reporter-output>
          </reporter-output>
        </test-method> <!-- afterMethod -->
        <test-method status="PASS" signature="beforeMethod(org.testng.ITestResult)[pri:0, instance:tests.LoginTest@37374a5e]" name="beforeMethod" is-config="true" duration-ms="19639" started-at="2023-02-24T19:56:43 IST" finished-at="2023-02-24T19:57:03 IST">
          <params>
            <param index="0">
              <value>
                <![CDATA[[TestResult name={null} status=CREATED method=LoginTest.redirectToResetPasswordPageLinkPresent()[pri:0, instance:tests.LoginTest@37374a5e] output={null}]]]>
              </value>
            </param>
          </params>
          <reporter-output>
          </reporter-output>
        </test-method> <!-- beforeMethod -->
        <test-method status="PASS" signature="redirectToResetPasswordPageLinkPresent()[pri:0, instance:tests.LoginTest@37374a5e]" name="redirectToResetPasswordPageLinkPresent" duration-ms="294" started-at="2023-02-24T19:57:03 IST" finished-at="2023-02-24T19:57:03 IST">
          <reporter-output>
          </reporter-output>
        </test-method> <!-- redirectToResetPasswordPageLinkPresent -->
        <test-method status="PASS" signature="afterMethod(org.testng.ITestResult)[pri:0, instance:tests.LoginTest@37374a5e]" name="afterMethod" is-config="true" duration-ms="1255" started-at="2023-02-24T19:57:03 IST" finished-at="2023-02-24T19:57:04 IST">
          <params>
            <param index="0">
              <value>
                <![CDATA[[TestResult name=redirectToResetPasswordPageLinkPresent status=SUCCESS method=LoginTest.redirectToResetPasswordPageLinkPresent()[pri:0, instance:tests.LoginTest@37374a5e] output={null}]]]>
              </value>
            </param>
          </params>
          <reporter-output>
          </reporter-output>
        </test-method> <!-- afterMethod -->
        <test-method status="PASS" signature="beforeMethod(org.testng.ITestResult)[pri:0, instance:tests.LoginTest@37374a5e]" name="beforeMethod" is-config="true" duration-ms="21148" started-at="2023-02-24T19:57:04 IST" finished-at="2023-02-24T19:57:25 IST">
          <params>
            <param index="0">
              <value>
                <![CDATA[[TestResult name={null} status=CREATED method=LoginTest.navigateToResetPassword()[pri:0, instance:tests.LoginTest@37374a5e] output={null}]]]>
              </value>
            </param>
          </params>
          <reporter-output>
          </reporter-output>
        </test-method> <!-- beforeMethod -->
        <test-method status="PASS" signature="navigateToResetPassword()[pri:0, instance:tests.LoginTest@37374a5e]" name="navigateToResetPassword" duration-ms="2191" started-at="2023-02-24T19:57:25 IST" depends-on-methods="tests.LoginTest.redirectToResetPasswordPageLinkPresent" finished-at="2023-02-24T19:57:28 IST">
          <reporter-output>
          </reporter-output>
        </test-method> <!-- navigateToResetPassword -->
        <test-method status="PASS" signature="afterMethod(org.testng.ITestResult)[pri:0, instance:tests.LoginTest@37374a5e]" name="afterMethod" is-config="true" duration-ms="1134" started-at="2023-02-24T19:57:28 IST" finished-at="2023-02-24T19:57:29 IST">
          <params>
            <param index="0">
              <value>
                <![CDATA[[TestResult name=navigateToResetPassword status=SUCCESS method=LoginTest.navigateToResetPassword()[pri:0, instance:tests.LoginTest@37374a5e] output={null}]]]>
              </value>
            </param>
          </params>
          <reporter-output>
          </reporter-output>
        </test-method> <!-- afterMethod -->
      </class> <!-- tests.LoginTest -->
      <class name="tests.HomeTest">
        <test-method status="PASS" signature="beforeMethod(org.testng.ITestResult)[pri:0, instance:tests.HomeTest@4671e53b]" name="beforeMethod" is-config="true" duration-ms="44956" started-at="2023-02-24T19:57:29 IST" finished-at="2023-02-24T19:58:14 IST">
          <params>
            <param index="0">
              <value>
                <![CDATA[[TestResult name={null} status=CREATED method=HomeTest.verifyAdminButtonNavigatesToAdminPage()[pri:0, instance:tests.HomeTest@4671e53b] output={null}]]]>
              </value>
            </param>
          </params>
          <reporter-output>
          </reporter-output>
        </test-method> <!-- beforeMethod -->
        <test-method status="PASS" signature="verifyAdminButtonNavigatesToAdminPage()[pri:0, instance:tests.HomeTest@4671e53b]" name="verifyAdminButtonNavigatesToAdminPage" duration-ms="20425" started-at="2023-02-24T19:58:14 IST" finished-at="2023-02-24T19:58:34 IST">
          <reporter-output>
          </reporter-output>
        </test-method> <!-- verifyAdminButtonNavigatesToAdminPage -->
        <test-method status="PASS" signature="afterMethod(org.testng.ITestResult)[pri:0, instance:tests.HomeTest@4671e53b]" name="afterMethod" is-config="true" duration-ms="1728" started-at="2023-02-24T19:58:34 IST" finished-at="2023-02-24T19:58:36 IST">
          <params>
            <param index="0">
              <value>
                <![CDATA[[TestResult name=verifyAdminButtonNavigatesToAdminPage status=SUCCESS method=HomeTest.verifyAdminButtonNavigatesToAdminPage()[pri:0, instance:tests.HomeTest@4671e53b] output={null}]]]>
              </value>
            </param>
          </params>
          <reporter-output>
          </reporter-output>
        </test-method> <!-- afterMethod -->
        <test-method status="PASS" signature="beforeMethod(org.testng.ITestResult)[pri:0, instance:tests.HomeTest@4671e53b]" name="beforeMethod" is-config="true" duration-ms="21349" started-at="2023-02-24T19:58:36 IST" finished-at="2023-02-24T19:58:57 IST">
          <params>
            <param index="0">
              <value>
                <![CDATA[[TestResult name={null} status=CREATED method=HomeTest.verifyLinks()[pri:0, instance:tests.HomeTest@4671e53b] output={null}]]]>
              </value>
            </param>
          </params>
          <reporter-output>
          </reporter-output>
        </test-method> <!-- beforeMethod -->
        <test-method status="PASS" signature="verifyLinks()[pri:0, instance:tests.HomeTest@4671e53b]" name="verifyLinks" duration-ms="8046" started-at="2023-02-24T19:58:57 IST" finished-at="2023-02-24T19:59:05 IST">
          <reporter-output>
          </reporter-output>
        </test-method> <!-- verifyLinks -->
        <test-method status="PASS" signature="afterMethod(org.testng.ITestResult)[pri:0, instance:tests.HomeTest@4671e53b]" name="afterMethod" is-config="true" duration-ms="1225" started-at="2023-02-24T19:59:05 IST" finished-at="2023-02-24T19:59:06 IST">
          <params>
            <param index="0">
              <value>
                <![CDATA[[TestResult name=verifyLinks status=SUCCESS method=HomeTest.verifyLinks()[pri:0, instance:tests.HomeTest@4671e53b] output={null}]]]>
              </value>
            </param>
          </params>
          <reporter-output>
          </reporter-output>
        </test-method> <!-- afterMethod -->
      </class> <!-- tests.HomeTest -->
    </test> <!-- Test -->
  </suite> <!-- Suite -->
</testng-results>
